#
# There is insufficient memory for the Java Runtime Environment to continue.
# Native memory allocation (mmap) failed to map 266338304 bytes. Error detail: G1 virtual space
# Possible reasons:
#   The system is out of physical RAM or swap space
#   This process is running with CompressedOops enabled, and the Java Heap may be blocking the growth of the native heap
# Possible solutions:
#   Reduce memory load on the system
#   Increase physical memory or swap space
#   Check if swap backing store is full
#   Decrease Java heap size (-Xmx/-Xms)
#   Decrease number of Java threads
#   Decrease Java thread stack sizes (-Xss)
#   Set larger code cache with -XX:ReservedCodeCacheSize=
#   JVM is running with Zero Based Compressed Oops mode in which the Java heap is
#     placed in the first 32GB address space. The Java Heap base address is the
#     maximum limit for the native heap growth. Please use -XX:HeapBaseMinAddress
#     to set the Java Heap base and to place the Java Heap above 32GB virtual address.
# This output file may be truncated or incomplete.
#
#  Out of Memory Error (os_windows.cpp:3828), pid=17240, tid=10832
#
# JRE version:  (21.0.5) (build )
# Java VM: OpenJDK 64-Bit Server VM (21.0.5+-12932927-b750.29, mixed mode, sharing, tiered, compressed oops, compressed class ptrs, g1 gc, windows-amd64)
# No core dump will be written. Minidumps are not enabled by default on client versions of Windows
#

---------------  S U M M A R Y ------------

Command Line: org.jetbrains.kotlin.cli.jvm.K2JVMCompiler @D:\locprokotlin\Safarchin\app\build\20250509_671054742634789308.compiler.options

Host: Intel(R) Core(TM) i7-8565U CPU @ 1.80GHz, 8 cores, 15G,  Windows 10 , 64 bit Build 19041 (10.0.19041.5198)
Time: Fri May  9 00:47:31 2025 Iran Standard Time elapsed time: 0.036927 seconds (0d 0h 0m 0s)

---------------  T H R E A D  ---------------

Current thread (0x0000021cea61fa70):  JavaThread "Unknown thread" [_thread_in_vm, id=10832, stack(0x000000c06ea00000,0x000000c06eb00000) (1024K)]

Stack: [0x000000c06ea00000,0x000000c06eb00000]
Native frames: (J=compiled Java code, j=interpreted, Vv=VM code, C=native code)
V  [jvm.dll+0x6cfb29]
V  [jvm.dll+0x85ded3]
V  [jvm.dll+0x86042e]
V  [jvm.dll+0x860b13]
V  [jvm.dll+0x27e6b6]
V  [jvm.dll+0x6cc385]
V  [jvm.dll+0x6c078a]
V  [jvm.dll+0x35525b]
V  [jvm.dll+0x35ceb6]
V  [jvm.dll+0x3aedd6]
V  [jvm.dll+0x3af0a8]
V  [jvm.dll+0x32792c]
V  [jvm.dll+0x32861b]
V  [jvm.dll+0x825919]
V  [jvm.dll+0x3bbfa8]
V  [jvm.dll+0x80ec88]
V  [jvm.dll+0x45015e]
V  [jvm.dll+0x4518c1]
C  [jli.dll+0x52ab]
C  [ucrtbase.dll+0x21bb2]
C  [KERNEL32.DLL+0x17374]
C  [ntdll.dll+0x4cc91]


---------------  P R O C E S S  ---------------

Threads class SMR info:
_java_thread_list=0x00007ffb4c980808, length=0, elements={
}

Java Threads: ( => current thread )
Total: 0

Other Threads:
  0x0000021cea8215b0 WorkerThread "GC Thread#0"                     [id=7800, stack(0x000000c06eb00000,0x000000c06ec00000) (1024K)]
  0x0000021cea832aa0 ConcurrentGCThread "G1 Main Marker"            [id=1496, stack(0x000000c06ec00000,0x000000c06ed00000) (1024K)]
  0x0000021cea8335a0 WorkerThread "G1 Conc#0"                       [id=5772, stack(0x000000c06ed00000,0x000000c06ee00000) (1024K)]

[error occurred during error reporting (printing all threads), id 0xc0000005, EXCEPTION_ACCESS_VIOLATION (0xc0000005) at pc=0x00007ffb4c17a967]
VM state: not at safepoint (not fully initialized)

VM Mutex/Monitor currently owned by a thread:  ([mutex/lock_event])
[0x00007ffb4c9ed460] Heap_lock - owner thread: 0x0000021cea61fa70

Heap address: 0x0000000703000000, size: 4048 MB, Compressed Oops mode: Zero based, Oop shift amount: 3

CDS archive(s) mapped at: [0x0000000000000000-0x0000000000000000-0x0000000000000000), size 0, SharedBaseAddress: 0x0000000800000000, ArchiveRelocationMode: 1.
Narrow klass base: 0x0000000000000000, Narrow klass shift: 0, Narrow klass range: 0x0

GC Precious Log:
 CardTable entry size: 512
 Card Set container configuration: InlinePtr #cards 4 size 8 Array Of Cards #cards 16 size 48 Howl #buckets 8 coarsen threshold 3686 Howl Bitmap #cards 512 size 80 coarsen threshold 460 Card regions per heap region 1 cards per card region 4096

Heap:
 garbage-first heap   total 0K, used 0K [0x0000000703000000, 0x0000000800000000)
  region size 2048K, 0 young (0K), 0 survivors (0K)
 Metaspace       used 0K, committed 0K, reserved 0K
  class space    used 0K, committed 0K, reserved 0K

Heap Regions: E=young(eden), S=young(survivor), O=old, HS=humongous(starts), HC=humongous(continues), CS=collection set, F=free, TAMS=top-at-mark-start, PB=parsable bottom

Card table byte_map: [0x0000021cff350000,0x0000021cffb40000] _byte_map_base: 0x0000021cfbb38000

Marking Bits: (CMBitMap*) 0x0000021cea8224c0
 Bits: [0x0000021c80000000, 0x0000021c83f40000)

GC Heap History (0 events):
No events

Dll operation events (1 events):
Event: 0.022 Loaded shared library C:\Program Files\Android\Android Studio\jbr\bin\java.dll

Deoptimization events (0 events):
No events

Classes loaded (0 events):
No events

Classes unloaded (0 events):
No events

Classes redefined (0 events):
No events

Internal exceptions (0 events):
No events

ZGC Phase Switch (0 events):
No events

VM Operations (0 events):
No events

Memory protections (0 events):
No events

Nmethod flushes (0 events):
No events

Events (0 events):
No events


Dynamic libraries:
0x00007ff7d77e0000 - 0x00007ff7d77ea000 	C:\Program Files\Android\Android Studio\jbr\bin\java.exe
0x00007ffc07db0000 - 0x00007ffc07fa8000 	C:\Windows\SYSTEM32\ntdll.dll
0x00007ffc07ca0000 - 0x00007ffc07d62000 	C:\Windows\System32\KERNEL32.DLL
0x00007ffc05450000 - 0x00007ffc0574e000 	C:\Windows\System32\KERNELBASE.dll
0x00007ffc05cd0000 - 0x00007ffc05dd0000 	C:\Windows\System32\ucrtbase.dll
0x00007ffbd99b0000 - 0x00007ffbd99c8000 	C:\Program Files\Android\Android Studio\jbr\bin\jli.dll
0x00007ffc026b0000 - 0x00007ffc026cb000 	C:\Program Files\Android\Android Studio\jbr\bin\VCRUNTIME140.dll
0x00007ffc06c40000 - 0x00007ffc06ddd000 	C:\Windows\System32\USER32.dll
0x00007ffbd7540000 - 0x00007ffbd77da000 	C:\Windows\WinSxS\amd64_microsoft.windows.common-controls_6595b64144ccf1df_6.0.19041.4355_none_60b8b9eb71f62e16\COMCTL32.dll
0x00007ffc07470000 - 0x00007ffc0750e000 	C:\Windows\System32\msvcrt.dll
0x00007ffc05a20000 - 0x00007ffc05a42000 	C:\Windows\System32\win32u.dll
0x00007ffc075b0000 - 0x00007ffc075db000 	C:\Windows\System32\GDI32.dll
0x00007ffc05bb0000 - 0x00007ffc05cc7000 	C:\Windows\System32\gdi32full.dll
0x00007ffc05aa0000 - 0x00007ffc05b3d000 	C:\Windows\System32\msvcp_win.dll
0x00007ffc07580000 - 0x00007ffc075af000 	C:\Windows\System32\IMM32.DLL
0x00007ffc026d0000 - 0x00007ffc026dc000 	C:\Program Files\Android\Android Studio\jbr\bin\vcruntime140_1.dll
0x00007ffbd2e40000 - 0x00007ffbd2ecd000 	C:\Program Files\Android\Android Studio\jbr\bin\msvcp140.dll
0x00007ffb4be40000 - 0x00007ffb4caca000 	C:\Program Files\Android\Android Studio\jbr\bin\server\jvm.dll
0x00007ffc06600000 - 0x00007ffc066b1000 	C:\Windows\System32\ADVAPI32.dll
0x00007ffc05dd0000 - 0x00007ffc05e6f000 	C:\Windows\System32\sechost.dll
0x00007ffc06760000 - 0x00007ffc06883000 	C:\Windows\System32\RPCRT4.dll
0x00007ffc05750000 - 0x00007ffc05777000 	C:\Windows\System32\bcrypt.dll
0x00007ffc07b00000 - 0x00007ffc07b6b000 	C:\Windows\System32\WS2_32.dll
0x00007ffbddf80000 - 0x00007ffbddfa7000 	C:\Windows\SYSTEM32\WINMM.dll
0x00007ffbfac90000 - 0x00007ffbfac9a000 	C:\Windows\SYSTEM32\VERSION.dll
0x00007ffc04950000 - 0x00007ffc0499b000 	C:\Windows\SYSTEM32\POWRPROF.dll
0x00007ffc04810000 - 0x00007ffc04822000 	C:\Windows\SYSTEM32\UMPDC.dll
0x00007ffc03c30000 - 0x00007ffc03c42000 	C:\Windows\SYSTEM32\kernel.appcore.dll
0x00007ffc026a0000 - 0x00007ffc026aa000 	C:\Program Files\Android\Android Studio\jbr\bin\jimage.dll
0x00007ffc03170000 - 0x00007ffc03354000 	C:\Windows\SYSTEM32\DBGHELP.DLL
0x00007ffbf77e0000 - 0x00007ffbf7814000 	C:\Windows\SYSTEM32\dbgcore.DLL
0x00007ffc05990000 - 0x00007ffc05a12000 	C:\Windows\System32\bcryptPrimitives.dll
0x00007ffbfc510000 - 0x00007ffbfc530000 	C:\Program Files\Android\Android Studio\jbr\bin\java.dll

dbghelp: loaded successfully - version: 4.0.5 - missing functions: none
symbol engine: initialized successfully - sym options: 0x614 - pdb path: .;C:\Program Files\Android\Android Studio\jbr\bin;C:\Windows\SYSTEM32;C:\Windows\WinSxS\amd64_microsoft.windows.common-controls_6595b64144ccf1df_6.0.19041.4355_none_60b8b9eb71f62e16;C:\Program Files\Android\Android Studio\jbr\bin\server

VM Arguments:
java_command: org.jetbrains.kotlin.cli.jvm.K2JVMCompiler @D:\locprokotlin\Safarchin\app\build\20250509_671054742634789308.compiler.options
java_class_path (initial): D:\GradleCache\.gradle\caches\modules-2\files-2.1\org.jetbrains.kotlin\kotlin-compiler-embeddable\2.0.0\1de310de3446414381282ffc46c3ed3919a4d1da\kotlin-compiler-embeddable-2.0.0.jar;D:\GradleCache\.gradle\caches\modules-2\files-2.1\org.jetbrains.kotlin\kotlin-stdlib\2.0.0\b48df2c4aede9586cc931ead433bc02d6fd7879e\kotlin-stdlib-2.0.0.jar;D:\GradleCache\.gradle\caches\modules-2\files-2.1\org.jetbrains.kotlin\kotlin-script-runtime\2.0.0\fdc27dd047d592fa41d2dfa21e7621287a361612\kotlin-script-runtime-2.0.0.jar;D:\GradleCache\.gradle\caches\modules-2\files-2.1\org.jetbrains.kotlin\kotlin-reflect\1.6.10\1cbe9c92c12a94eea200d23c2bbaedaf3daf5132\kotlin-reflect-1.6.10.jar;D:\GradleCache\.gradle\caches\modules-2\files-2.1\org.jetbrains.kotlin\kotlin-daemon-embeddable\2.0.0\b39c612768614c4428c96ee9c65477181fffe9d\kotlin-daemon-embeddable-2.0.0.jar;D:\GradleCache\.gradle\caches\modules-2\files-2.1\org.jetbrains.intellij.deps\trove4j\1.0.20200330\3afb14d5f9ceb459d724e907a21145e8ff394f02\trove4j-1.0.20200330.jar;D:\GradleCache\.gradle\caches\modules-2\files-2.1\org.jetbrains\annotations\13.0\919f0dfe192fb4e063e7dacadee7f8bb9a2672a9\annotations-13.0.jar
Launcher Type: SUN_STANDARD

[Global flags]
     intx CICompilerCount                          = 4                                         {product} {ergonomic}
     uint ConcGCThreads                            = 2                                         {product} {ergonomic}
     uint G1ConcRefinementThreads                  = 8                                         {product} {ergonomic}
   size_t G1HeapRegionSize                         = 2097152                                   {product} {ergonomic}
    uintx GCDrainStackTargetSize                   = 64                                        {product} {ergonomic}
   size_t InitialHeapSize                          = 266338304                                 {product} {ergonomic}
   size_t MarkStackSize                            = 4194304                                   {product} {ergonomic}
   size_t MaxHeapSize                              = 4244635648                                {product} {ergonomic}
   size_t MinHeapDeltaBytes                        = 2097152                                   {product} {ergonomic}
   size_t MinHeapSize                              = 8388608                                   {product} {ergonomic}
    uintx NonNMethodCodeHeapSize                   = 5839372                                {pd product} {ergonomic}
    uintx NonProfiledCodeHeapSize                  = 122909434                              {pd product} {ergonomic}
    uintx ProfiledCodeHeapSize                     = 122909434                              {pd product} {ergonomic}
    uintx ReservedCodeCacheSize                    = 251658240                              {pd product} {ergonomic}
     bool SegmentedCodeCache                       = true                                      {product} {ergonomic}
   size_t SoftMaxHeapSize                          = 4244635648                             {manageable} {ergonomic}
     bool UseCompressedOops                        = true                           {product lp64_product} {ergonomic}
     bool UseG1GC                                  = true                                      {product} {ergonomic}
     bool UseLargePagesIndividualAllocation        = false                                  {pd product} {ergonomic}

Logging:
Log output configuration:
 #0: stdout all=warning uptime,level,tags foldmultilines=false
 #1: stderr all=off uptime,level,tags foldmultilines=false

Environment Variables:
JAVA_HOME=D:\Program Files\Java\jdk-17
PATH=C:\Program Files\Common Files\Oracle\Java\javapath;C:\Windows\system32;C:\Windows;C:\Windows\System32\Wbem;C:\Windows\System32\WindowsPowerShell\v1.0\;C:\Windows\System32\OpenSSH\;C:\Program Files\MATLAB\R2018b\bin;C:\Windows;C:\Windows\system32;C:\Windows\system32\Wbem;C:\Users\ehya\AppData\Local\Android\Sdk\cmdline_tools\latest\bin;D:\Program Files\Android\Android Studio\bin;C:\Program Files\dotnet\;C:\gradle-8.10.2-bin\gradle-8.10.2;C:\Program Files\WireSock VPN Client\bin\;D:\opengl\mingw64\bin;C:\Program Files\Git\cmd;D:\My software installation location\githubcli\;C:\Users\ehya\AppData\Local\Microsoft\WindowsApps\Python.exe;C:\Users\ehya\AppData\Local\Microsoft\WindowsApps\Python.exe;C:\Users\ehya\AppData\Local\Microsoft\WindowsApps;D:\My software installation location\PyCharm Community Edition 2024.3.1.1\bin;;D:\My software installation location\vs code\Microsoft VS Code\bin;C:\android2\Android.SDK.Tools.26.1.1\platform-tools;
USERNAME=ehya
OS=Windows_NT
PROCESSOR_IDENTIFIER=Intel64 Family 6 Model 142 Stepping 12, GenuineIntel
TMP=C:\Users\ehya\AppData\Local\Temp
TEMP=C:\Users\ehya\AppData\Local\Temp




Periodic native trim disabled

JNI global refs:
JNI global refs: 0, weak refs: 0

JNI global refs memory usage: 0, weak refs: 0

Process memory usage:
Resident Set Size: 10844K (0% of 16578848K total physical memory with 1918868K free physical memory)

OOME stack traces (most recent first):
Classloader memory used:

---------------  S Y S T E M  ---------------

OS:
 Windows 10 , 64 bit Build 19041 (10.0.19041.5198)
OS uptime: 0 days 17:08 hours
Hyper-V role detected

CPU: total 8 (initial active 8) (4 cores per cpu, 2 threads per core) family 6 model 142 stepping 12 microcode 0xf8, cx8, cmov, fxsr, ht, mmx, 3dnowpref, sse, sse2, sse3, ssse3, sse4.1, sse4.2, popcnt, lzcnt, tsc, tscinvbit, avx, avx2, aes, erms, clmul, bmi1, bmi2, adx, fma, vzeroupper, clflush, clflushopt, hv, rdtscp, f16c
Processor Information for all 8 processors :
  Max Mhz: 1992, Current Mhz: 1792, Mhz Limit: 1792

Memory: 4k page, system-wide physical 16190M (1873M free)
TotalPageFile size 22761M (AvailPageFile size 25M)
current process WorkingSet (physical memory assigned to process): 10M, peak: 10M
current process commit charge ("private bytes"): 60M, peak: 314M

vm_info: OpenJDK 64-Bit Server VM (21.0.5+-12932927-b750.29) for windows-amd64 JRE (21.0.5+-12932927-b750.29), built on 2025-01-17T02:01:10Z by "builder" with MS VC++ 16.10 / 16.11 (VS2019)

END.
